<?xml version="1.0" encoding="UTF-8"?>
<testsuite xmlns:xsi="http://www.w3.org/2001/XMLSchema-instance" xsi:noNamespaceSchemaLocation="https://maven.apache.org/surefire/maven-surefire-plugin/xsd/surefire-test-report-3.0.xsd" version="3.0" name="com.endava.calculator.CalculatorTest" time="0.417" tests="35" errors="0" skipped="0" failures="0">
  <properties>
[...]
</properties>
  <testcase name="shouldMultiplyNoOperands" classname="com.endava.calculator.CalculatorTest" time="0.05">
    <system-out><![CDATA[Before All

Before Each
09:47:09.388 [main] INFO  com.endava.extensions.TestReporterExtension - Starting test CalculatorTest/shouldMultiplyNoOperands()
1
09:47:09.395 [main] INFO  com.endava.extensions.TestReporterExtension - Finishing test CalculatorTest/shouldMultiplyNoOperands()
After Each

]]></system-out>
  </testcase>
  <testcase name="shouldMultiplyNegativeNumbers" classname="com.endava.calculator.CalculatorTest" time="0.004">
    <system-out><![CDATA[
Before Each
09:47:09.409 [main] INFO  com.endava.extensions.TestReporterExtension - Starting test CalculatorTest/shouldMultiplyNegativeNumbers()
8
09:47:09.411 [main] INFO  com.endava.extensions.TestReporterExtension - Finishing test CalculatorTest/shouldMultiplyNegativeNumbers()
After Each

]]></system-out>
  </testcase>
  <testcase name="shouldAddBigNumbers" classname="com.endava.calculator.CalculatorTest" time="0.003">
    <system-out><![CDATA[
Before Each
09:47:09.415 [main] INFO  com.endava.extensions.TestReporterExtension - Starting test CalculatorTest/shouldAddBigNumbers()
2147483648
09:47:09.416 [main] INFO  com.endava.extensions.TestReporterExtension - Finishing test CalculatorTest/shouldAddBigNumbers()
After Each

]]></system-out>
  </testcase>
  <testcase name="shouldMultiplyMoreThan2Operands(Integer, Integer, Integer)[1]" classname="com.endava.calculator.CalculatorTest" time="0.034">
    <system-out><![CDATA[
Before Each
09:47:09.482 [main] INFO  com.endava.extensions.TestReporterExtension - Starting test CalculatorTest/[1] 1, 2, 3
6
09:47:09.513 [main] INFO  com.endava.extensions.TestReporterExtension - Finishing test CalculatorTest/[1] 1, 2, 3
After Each

]]></system-out>
  </testcase>
  <testcase name="shouldMultiplyMoreThan2Operands(Integer, Integer, Integer)[2]" classname="com.endava.calculator.CalculatorTest" time="0.002">
    <system-out><![CDATA[
Before Each
09:47:09.519 [main] INFO  com.endava.extensions.TestReporterExtension - Starting test CalculatorTest/[2] 2, 4, 5
40
09:47:09.520 [main] INFO  com.endava.extensions.TestReporterExtension - Finishing test CalculatorTest/[2] 2, 4, 5
After Each

]]></system-out>
  </testcase>
  <testcase name="shouldMultiplyMoreThan2Operands(Integer, Integer, Integer)[3]" classname="com.endava.calculator.CalculatorTest" time="0.002">
    <system-out><![CDATA[
Before Each
09:47:09.600 [main] INFO  com.endava.extensions.TestReporterExtension - Starting test CalculatorTest/[3] 1, 2, 3
6
09:47:09.601 [main] INFO  com.endava.extensions.TestReporterExtension - Finishing test CalculatorTest/[3] 1, 2, 3
After Each

]]></system-out>
  </testcase>
  <testcase name="shouldMultiplyMoreThan2Operands(Integer, Integer, Integer)[4]" classname="com.endava.calculator.CalculatorTest" time="0.003">
    <system-out><![CDATA[
Before Each
09:47:09.606 [main] INFO  com.endava.extensions.TestReporterExtension - Starting test CalculatorTest/[4] 2, 4, 5
40
09:47:09.607 [main] INFO  com.endava.extensions.TestReporterExtension - Finishing test CalculatorTest/[4] 2, 4, 5
After Each

]]></system-out>
  </testcase>
  <testcase name="shouldMultiplyMoreThan2Operands(Integer, Integer, Integer)[5]" classname="com.endava.calculator.CalculatorTest" time="0.002">
    <system-out><![CDATA[
Before Each
09:47:09.610 [main] INFO  com.endava.extensions.TestReporterExtension - Starting test CalculatorTest/[5] 6, 7, 8
336
09:47:09.611 [main] INFO  com.endava.extensions.TestReporterExtension - Finishing test CalculatorTest/[5] 6, 7, 8
After Each

]]></system-out>
  </testcase>
  <testcase name="shouldAddNoOperands" classname="com.endava.calculator.CalculatorTest" time="0.001">
    <system-out><![CDATA[
Before Each
09:47:09.615 [main] INFO  com.endava.extensions.TestReporterExtension - Starting test CalculatorTest/shouldAddNoOperands()
0
09:47:09.616 [main] INFO  com.endava.extensions.TestReporterExtension - Finishing test CalculatorTest/shouldAddNoOperands()
After Each

]]></system-out>
  </testcase>
  <testcase name="shouldMultiplyNumbersGivenOperand0(int, int)[1]" classname="com.endava.calculator.CalculatorTest" time="0.002">
    <system-out><![CDATA[
Before Each
09:47:09.626 [main] INFO  com.endava.extensions.TestReporterExtension - Starting test CalculatorTest/[1] 0, 2
0
09:47:09.626 [main] INFO  com.endava.extensions.TestReporterExtension - Finishing test CalculatorTest/[1] 0, 2
After Each

]]></system-out>
  </testcase>
  <testcase name="shouldMultiplyNumbersGivenOperand0(int, int)[2]" classname="com.endava.calculator.CalculatorTest" time="0.002">
    <system-out><![CDATA[
Before Each
09:47:09.629 [main] INFO  com.endava.extensions.TestReporterExtension - Starting test CalculatorTest/[2] 2, 0
0
09:47:09.629 [main] INFO  com.endava.extensions.TestReporterExtension - Finishing test CalculatorTest/[2] 2, 0
After Each

]]></system-out>
  </testcase>
  <testcase name="shouldMultiplyNumbersGivenOperand1(int, int)[1]" classname="com.endava.calculator.CalculatorTest" time="0.003">
    <system-out><![CDATA[
Before Each
09:47:09.634 [main] INFO  com.endava.extensions.TestReporterExtension - Starting test CalculatorTest/[1] 1, 2
2
09:47:09.635 [main] INFO  com.endava.extensions.TestReporterExtension - Finishing test CalculatorTest/[1] 1, 2
After Each

]]></system-out>
  </testcase>
  <testcase name="shouldMultiplyNumbersGivenOperand1(int, int)[2]" classname="com.endava.calculator.CalculatorTest" time="0.003">
    <system-out><![CDATA[
Before Each
09:47:09.640 [main] INFO  com.endava.extensions.TestReporterExtension - Starting test CalculatorTest/[2] 2, 1
2
09:47:09.641 [main] INFO  com.endava.extensions.TestReporterExtension - Finishing test CalculatorTest/[2] 2, 1
After Each

]]></system-out>
  </testcase>
  <testcase name="shouldPowExponentOrBaseNegative(int, int)[1]" classname="com.endava.calculator.CalculatorTest" time="0.007">
    <system-out><![CDATA[
Before Each
09:47:09.646 [main] INFO  com.endava.extensions.TestReporterExtension - Starting test CalculatorTest/[1] -1, 2
1.0
09:47:09.651 [main] INFO  com.endava.extensions.TestReporterExtension - Finishing test CalculatorTest/[1] -1, 2
After Each

]]></system-out>
  </testcase>
  <testcase name="shouldPowExponentOrBaseNegative(int, int)[2]" classname="com.endava.calculator.CalculatorTest" time="0.003">
    <system-out><![CDATA[
Before Each
09:47:09.656 [main] INFO  com.endava.extensions.TestReporterExtension - Starting test CalculatorTest/[2] 2, -1
0.5
09:47:09.657 [main] INFO  com.endava.extensions.TestReporterExtension - Finishing test CalculatorTest/[2] 2, -1
After Each

]]></system-out>
  </testcase>
  <testcase name="shouldPowNegativeNumbers" classname="com.endava.calculator.CalculatorTest" time="0.004">
    <system-out><![CDATA[
Before Each
09:47:09.660 [main] INFO  com.endava.extensions.TestReporterExtension - Starting test CalculatorTest/shouldPowNegativeNumbers()
0.0625
09:47:09.661 [main] INFO  com.endava.extensions.TestReporterExtension - Finishing test CalculatorTest/shouldPowNegativeNumbers()
After Each

]]></system-out>
  </testcase>
  <testcase name="shouldPowBigNumbers" classname="com.endava.calculator.CalculatorTest" time="0.003">
    <system-out><![CDATA[
Before Each
09:47:09.665 [main] INFO  com.endava.extensions.TestReporterExtension - Starting test CalculatorTest/shouldPowBigNumbers()
2.147483647E9
09:47:09.666 [main] INFO  com.endava.extensions.TestReporterExtension - Finishing test CalculatorTest/shouldPowBigNumbers()
After Each

]]></system-out>
  </testcase>
  <testcase name="shouldFactBigNumbers" classname="com.endava.calculator.CalculatorTest" time="0.002">
    <system-out><![CDATA[
Before Each
09:47:09.668 [main] INFO  com.endava.extensions.TestReporterExtension - Starting test CalculatorTest/shouldFactBigNumbers()
-8764578968847253504
09:47:09.669 [main] INFO  com.endava.extensions.TestReporterExtension - Finishing test CalculatorTest/shouldFactBigNumbers()
After Each

]]></system-out>
  </testcase>
  <testcase name="shouldAddMoreThan2Operands(Integer, Integer, Integer)[1]" classname="com.endava.calculator.CalculatorTest" time="0.002">
    <system-out><![CDATA[
Before Each
09:47:09.674 [main] INFO  com.endava.extensions.TestReporterExtension - Starting test CalculatorTest/[1] 1, 2, 3
6
09:47:09.674 [main] INFO  com.endava.extensions.TestReporterExtension - Finishing test CalculatorTest/[1] 1, 2, 3
After Each

]]></system-out>
  </testcase>
  <testcase name="shouldAddMoreThan2Operands(Integer, Integer, Integer)[2]" classname="com.endava.calculator.CalculatorTest" time="0.001">
    <system-out><![CDATA[
Before Each
09:47:09.676 [main] INFO  com.endava.extensions.TestReporterExtension - Starting test CalculatorTest/[2] 2, 4, 5
11
09:47:09.677 [main] INFO  com.endava.extensions.TestReporterExtension - Finishing test CalculatorTest/[2] 2, 4, 5
After Each

]]></system-out>
  </testcase>
  <testcase name="shouldAddMoreThan2Operands(Integer, Integer, Integer)[3]" classname="com.endava.calculator.CalculatorTest" time="0.002">
    <system-out><![CDATA[
Before Each
09:47:09.689 [main] INFO  com.endava.extensions.TestReporterExtension - Starting test CalculatorTest/[3] 1, 2, 3
6
09:47:09.690 [main] INFO  com.endava.extensions.TestReporterExtension - Finishing test CalculatorTest/[3] 1, 2, 3
After Each

]]></system-out>
  </testcase>
  <testcase name="shouldAddMoreThan2Operands(Integer, Integer, Integer)[4]" classname="com.endava.calculator.CalculatorTest" time="0.002">
    <system-out><![CDATA[
Before Each
09:47:09.692 [main] INFO  com.endava.extensions.TestReporterExtension - Starting test CalculatorTest/[4] 2, 4, 5
11
09:47:09.694 [main] INFO  com.endava.extensions.TestReporterExtension - Finishing test CalculatorTest/[4] 2, 4, 5
After Each

]]></system-out>
  </testcase>
  <testcase name="shouldAddMoreThan2Operands(Integer, Integer, Integer)[5]" classname="com.endava.calculator.CalculatorTest" time="0.003">
    <system-out><![CDATA[
Before Each
09:47:09.697 [main] INFO  com.endava.extensions.TestReporterExtension - Starting test CalculatorTest/[5] 6, 7, 8
21
09:47:09.698 [main] INFO  com.endava.extensions.TestReporterExtension - Finishing test CalculatorTest/[5] 6, 7, 8
After Each

]]></system-out>
  </testcase>
  <testcase name="shouldAddNumbersGivenOperand0(int, int)[1]" classname="com.endava.calculator.CalculatorTest" time="0.002">
    <system-out><![CDATA[
Before Each
09:47:09.702 [main] INFO  com.endava.extensions.TestReporterExtension - Starting test CalculatorTest/[1] 0, 2
2
09:47:09.702 [main] INFO  com.endava.extensions.TestReporterExtension - Finishing test CalculatorTest/[1] 0, 2
After Each

]]></system-out>
  </testcase>
  <testcase name="shouldAddNumbersGivenOperand0(int, int)[2]" classname="com.endava.calculator.CalculatorTest" time="0.002">
    <system-out><![CDATA[
Before Each
09:47:09.705 [main] INFO  com.endava.extensions.TestReporterExtension - Starting test CalculatorTest/[2] 2, 0
2
09:47:09.705 [main] INFO  com.endava.extensions.TestReporterExtension - Finishing test CalculatorTest/[2] 2, 0
After Each

]]></system-out>
  </testcase>
  <testcase name="shouldMultiplyOneOperand" classname="com.endava.calculator.CalculatorTest" time="0.001">
    <system-out><![CDATA[
Before Each
09:47:09.707 [main] INFO  com.endava.extensions.TestReporterExtension - Starting test CalculatorTest/shouldMultiplyOneOperand()
167
09:47:09.708 [main] INFO  com.endava.extensions.TestReporterExtension - Finishing test CalculatorTest/shouldMultiplyOneOperand()
After Each

]]></system-out>
  </testcase>
  <testcase name="shouldPowNumbersGivenOperand0(int, int)[1]" classname="com.endava.calculator.CalculatorTest" time="0.002">
    <system-out><![CDATA[
Before Each
09:47:09.714 [main] INFO  com.endava.extensions.TestReporterExtension - Starting test CalculatorTest/[1] 0, 2
0.0
09:47:09.715 [main] INFO  com.endava.extensions.TestReporterExtension - Finishing test CalculatorTest/[1] 0, 2
After Each

]]></system-out>
  </testcase>
  <testcase name="shouldPowNumbersGivenOperand0(int, int)[2]" classname="com.endava.calculator.CalculatorTest" time="0.003">
    <system-out><![CDATA[
Before Each
09:47:09.718 [main] INFO  com.endava.extensions.TestReporterExtension - Starting test CalculatorTest/[2] 2, 0
1.0
09:47:09.719 [main] INFO  com.endava.extensions.TestReporterExtension - Finishing test CalculatorTest/[2] 2, 0
After Each

]]></system-out>
  </testcase>
  <testcase name="shouldPowNumbersGivenOperand1(int, int)[1]" classname="com.endava.calculator.CalculatorTest" time="0.002">
    <system-out><![CDATA[
Before Each
09:47:09.728 [main] INFO  com.endava.extensions.TestReporterExtension - Starting test CalculatorTest/[1] 1, 2
1.0
09:47:09.729 [main] INFO  com.endava.extensions.TestReporterExtension - Finishing test CalculatorTest/[1] 1, 2
After Each

]]></system-out>
  </testcase>
  <testcase name="shouldPowNumbersGivenOperand1(int, int)[2]" classname="com.endava.calculator.CalculatorTest" time="0.002">
    <system-out><![CDATA[
Before Each
09:47:09.731 [main] INFO  com.endava.extensions.TestReporterExtension - Starting test CalculatorTest/[2] 2, 1
2.0
09:47:09.731 [main] INFO  com.endava.extensions.TestReporterExtension - Finishing test CalculatorTest/[2] 2, 1
After Each

]]></system-out>
  </testcase>
  <testcase name="shouldAddNegativeNumbers" classname="com.endava.calculator.CalculatorTest" time="0.001">
    <system-out><![CDATA[
Before Each
09:47:09.732 [main] INFO  com.endava.extensions.TestReporterExtension - Starting test CalculatorTest/shouldAddNegativeNumbers()
-6
09:47:09.733 [main] INFO  com.endava.extensions.TestReporterExtension - Finishing test CalculatorTest/shouldAddNegativeNumbers()
After Each

]]></system-out>
  </testcase>
  <testcase name="shouldAddOneOperand" classname="com.endava.calculator.CalculatorTest" time="0.001">
    <system-out><![CDATA[
Before Each
09:47:09.734 [main] INFO  com.endava.extensions.TestReporterExtension - Starting test CalculatorTest/shouldAddOneOperand()
167
09:47:09.734 [main] INFO  com.endava.extensions.TestReporterExtension - Finishing test CalculatorTest/shouldAddOneOperand()
After Each

]]></system-out>
  </testcase>
  <testcase name="shouldFactNumbersGivenOperand0" classname="com.endava.calculator.CalculatorTest" time="0.002">
    <system-out><![CDATA[
Before Each
09:47:09.736 [main] INFO  com.endava.extensions.TestReporterExtension - Starting test CalculatorTest/shouldFactNumbersGivenOperand0()
1
09:47:09.736 [main] INFO  com.endava.extensions.TestReporterExtension - Finishing test CalculatorTest/shouldFactNumbersGivenOperand0()
After Each

]]></system-out>
  </testcase>
  <testcase name="shouldFactNumbersGivenOperand1" classname="com.endava.calculator.CalculatorTest" time="0.001">
    <system-out><![CDATA[
Before Each
09:47:09.738 [main] INFO  com.endava.extensions.TestReporterExtension - Starting test CalculatorTest/shouldFactNumbersGivenOperand1()
1
09:47:09.738 [main] INFO  com.endava.extensions.TestReporterExtension - Finishing test CalculatorTest/shouldFactNumbersGivenOperand1()
After Each

]]></system-out>
  </testcase>
  <testcase name="shouldMultiplyBigNumbers" classname="com.endava.calculator.CalculatorTest" time="0.001">
    <system-out><![CDATA[
Before Each
09:47:09.740 [main] INFO  com.endava.extensions.TestReporterExtension - Starting test CalculatorTest/shouldMultiplyBigNumbers()
2147483647
09:47:09.740 [main] INFO  com.endava.extensions.TestReporterExtension - Finishing test CalculatorTest/shouldMultiplyBigNumbers()
After Each

]]></system-out>
  </testcase>
</testsuite>