<?xml version="1.0" encoding="UTF-8"?>
<testsuite xmlns:xsi="http://www.w3.org/2001/XMLSchema-instance" xsi:noNamespaceSchemaLocation="https://maven.apache.org/surefire/maven-failsafe-plugin/xsd/failsafe-test-report-3.0.xsd" version="3.0" name="com.endava.calculator.CalculatorIT" time="0.329" tests="35" errors="0" skipped="0" failures="0">
  <properties>
[...]
</properties>
  <testcase name="shouldMultiplyNoOperands" classname="com.endava.calculator.CalculatorIT" time="0.032">
    <system-out><![CDATA[Before All

Before Each
09:47:18.325 [main] INFO  com.endava.extensions.TestReporterExtension - Starting test CalculatorIT/shouldMultiplyNoOperands()
1
09:47:18.330 [main] INFO  com.endava.extensions.TestReporterExtension - Finishing test CalculatorIT/shouldMultiplyNoOperands()
After Each

]]></system-out>
  </testcase>
  <testcase name="shouldMultiplyNegativeNumbers" classname="com.endava.calculator.CalculatorIT" time="0.002">
    <system-out><![CDATA[
Before Each
09:47:18.339 [main] INFO  com.endava.extensions.TestReporterExtension - Starting test CalculatorIT/shouldMultiplyNegativeNumbers()
8
09:47:18.340 [main] INFO  com.endava.extensions.TestReporterExtension - Finishing test CalculatorIT/shouldMultiplyNegativeNumbers()
After Each

]]></system-out>
  </testcase>
  <testcase name="shouldAddBigNumbers" classname="com.endava.calculator.CalculatorIT" time="0.001">
    <system-out><![CDATA[
Before Each
09:47:18.342 [main] INFO  com.endava.extensions.TestReporterExtension - Starting test CalculatorIT/shouldAddBigNumbers()
2147483648
09:47:18.343 [main] INFO  com.endava.extensions.TestReporterExtension - Finishing test CalculatorIT/shouldAddBigNumbers()
After Each

]]></system-out>
  </testcase>
  <testcase name="shouldMultiplyMoreThan2Operands(Integer, Integer, Integer)[1]" classname="com.endava.calculator.CalculatorIT" time="0.025">
    <system-out><![CDATA[
Before Each
09:47:18.391 [main] INFO  com.endava.extensions.TestReporterExtension - Starting test CalculatorIT/[1] 1, 2, 3
6
09:47:18.414 [main] INFO  com.endava.extensions.TestReporterExtension - Finishing test CalculatorIT/[1] 1, 2, 3
After Each

]]></system-out>
  </testcase>
  <testcase name="shouldMultiplyMoreThan2Operands(Integer, Integer, Integer)[2]" classname="com.endava.calculator.CalculatorIT" time="0.003">
    <system-out><![CDATA[
Before Each
09:47:18.421 [main] INFO  com.endava.extensions.TestReporterExtension - Starting test CalculatorIT/[2] 2, 4, 5
40
09:47:18.422 [main] INFO  com.endava.extensions.TestReporterExtension - Finishing test CalculatorIT/[2] 2, 4, 5
After Each

]]></system-out>
  </testcase>
  <testcase name="shouldMultiplyMoreThan2Operands(Integer, Integer, Integer)[3]" classname="com.endava.calculator.CalculatorIT" time="0.001">
    <system-out><![CDATA[
Before Each
09:47:18.499 [main] INFO  com.endava.extensions.TestReporterExtension - Starting test CalculatorIT/[3] 1, 2, 3
6
09:47:18.500 [main] INFO  com.endava.extensions.TestReporterExtension - Finishing test CalculatorIT/[3] 1, 2, 3
After Each

]]></system-out>
  </testcase>
  <testcase name="shouldMultiplyMoreThan2Operands(Integer, Integer, Integer)[4]" classname="com.endava.calculator.CalculatorIT" time="0.002">
    <system-out><![CDATA[
Before Each
09:47:18.502 [main] INFO  com.endava.extensions.TestReporterExtension - Starting test CalculatorIT/[4] 2, 4, 5
40
09:47:18.503 [main] INFO  com.endava.extensions.TestReporterExtension - Finishing test CalculatorIT/[4] 2, 4, 5
After Each

]]></system-out>
  </testcase>
  <testcase name="shouldMultiplyMoreThan2Operands(Integer, Integer, Integer)[5]" classname="com.endava.calculator.CalculatorIT" time="0.002">
    <system-out><![CDATA[
Before Each
09:47:18.505 [main] INFO  com.endava.extensions.TestReporterExtension - Starting test CalculatorIT/[5] 6, 7, 8
336
09:47:18.505 [main] INFO  com.endava.extensions.TestReporterExtension - Finishing test CalculatorIT/[5] 6, 7, 8
After Each

]]></system-out>
  </testcase>
  <testcase name="shouldAddNoOperands" classname="com.endava.calculator.CalculatorIT" time="0.001">
    <system-out><![CDATA[
Before Each
09:47:18.510 [main] INFO  com.endava.extensions.TestReporterExtension - Starting test CalculatorIT/shouldAddNoOperands()
0
09:47:18.511 [main] INFO  com.endava.extensions.TestReporterExtension - Finishing test CalculatorIT/shouldAddNoOperands()
After Each

]]></system-out>
  </testcase>
  <testcase name="shouldMultiplyNumbersGivenOperand0(int, int)[1]" classname="com.endava.calculator.CalculatorIT" time="0.002">
    <system-out><![CDATA[
Before Each
09:47:18.518 [main] INFO  com.endava.extensions.TestReporterExtension - Starting test CalculatorIT/[1] 0, 2
0
09:47:18.518 [main] INFO  com.endava.extensions.TestReporterExtension - Finishing test CalculatorIT/[1] 0, 2
After Each

]]></system-out>
  </testcase>
  <testcase name="shouldMultiplyNumbersGivenOperand0(int, int)[2]" classname="com.endava.calculator.CalculatorIT" time="0.002">
    <system-out><![CDATA[
Before Each
09:47:18.521 [main] INFO  com.endava.extensions.TestReporterExtension - Starting test CalculatorIT/[2] 2, 0
0
09:47:18.521 [main] INFO  com.endava.extensions.TestReporterExtension - Finishing test CalculatorIT/[2] 2, 0
After Each

]]></system-out>
  </testcase>
  <testcase name="shouldMultiplyNumbersGivenOperand1(int, int)[1]" classname="com.endava.calculator.CalculatorIT" time="0.002">
    <system-out><![CDATA[
Before Each
09:47:18.525 [main] INFO  com.endava.extensions.TestReporterExtension - Starting test CalculatorIT/[1] 1, 2
2
09:47:18.525 [main] INFO  com.endava.extensions.TestReporterExtension - Finishing test CalculatorIT/[1] 1, 2
After Each

]]></system-out>
  </testcase>
  <testcase name="shouldMultiplyNumbersGivenOperand1(int, int)[2]" classname="com.endava.calculator.CalculatorIT" time="0.001">
    <system-out><![CDATA[
Before Each
09:47:18.527 [main] INFO  com.endava.extensions.TestReporterExtension - Starting test CalculatorIT/[2] 2, 1
2
09:47:18.527 [main] INFO  com.endava.extensions.TestReporterExtension - Finishing test CalculatorIT/[2] 2, 1
After Each

]]></system-out>
  </testcase>
  <testcase name="shouldPowExponentOrBaseNegative(int, int)[1]" classname="com.endava.calculator.CalculatorIT" time="0.003">
    <system-out><![CDATA[
Before Each
09:47:18.530 [main] INFO  com.endava.extensions.TestReporterExtension - Starting test CalculatorIT/[1] -1, 2
1.0
09:47:18.533 [main] INFO  com.endava.extensions.TestReporterExtension - Finishing test CalculatorIT/[1] -1, 2
After Each

]]></system-out>
  </testcase>
  <testcase name="shouldPowExponentOrBaseNegative(int, int)[2]" classname="com.endava.calculator.CalculatorIT" time="0.002">
    <system-out><![CDATA[
Before Each
09:47:18.535 [main] INFO  com.endava.extensions.TestReporterExtension - Starting test CalculatorIT/[2] 2, -1
0.5
09:47:18.535 [main] INFO  com.endava.extensions.TestReporterExtension - Finishing test CalculatorIT/[2] 2, -1
After Each

]]></system-out>
  </testcase>
  <testcase name="shouldPowNegativeNumbers" classname="com.endava.calculator.CalculatorIT" time="0.002">
    <system-out><![CDATA[
Before Each
09:47:18.537 [main] INFO  com.endava.extensions.TestReporterExtension - Starting test CalculatorIT/shouldPowNegativeNumbers()
0.0625
09:47:18.538 [main] INFO  com.endava.extensions.TestReporterExtension - Finishing test CalculatorIT/shouldPowNegativeNumbers()
After Each

]]></system-out>
  </testcase>
  <testcase name="shouldPowBigNumbers" classname="com.endava.calculator.CalculatorIT" time="0.003">
    <system-out><![CDATA[
Before Each
09:47:18.540 [main] INFO  com.endava.extensions.TestReporterExtension - Starting test CalculatorIT/shouldPowBigNumbers()
2.147483647E9
09:47:18.541 [main] INFO  com.endava.extensions.TestReporterExtension - Finishing test CalculatorIT/shouldPowBigNumbers()
After Each

]]></system-out>
  </testcase>
  <testcase name="shouldFactBigNumbers" classname="com.endava.calculator.CalculatorIT" time="0.001">
    <system-out><![CDATA[
Before Each
09:47:18.543 [main] INFO  com.endava.extensions.TestReporterExtension - Starting test CalculatorIT/shouldFactBigNumbers()
-8764578968847253504
09:47:18.543 [main] INFO  com.endava.extensions.TestReporterExtension - Finishing test CalculatorIT/shouldFactBigNumbers()
After Each

]]></system-out>
  </testcase>
  <testcase name="shouldAddMoreThan2Operands(Integer, Integer, Integer)[1]" classname="com.endava.calculator.CalculatorIT" time="0.001">
    <system-out><![CDATA[
Before Each
09:47:18.548 [main] INFO  com.endava.extensions.TestReporterExtension - Starting test CalculatorIT/[1] 1, 2, 3
6
09:47:18.548 [main] INFO  com.endava.extensions.TestReporterExtension - Finishing test CalculatorIT/[1] 1, 2, 3
After Each

]]></system-out>
  </testcase>
  <testcase name="shouldAddMoreThan2Operands(Integer, Integer, Integer)[2]" classname="com.endava.calculator.CalculatorIT" time="0.001">
    <system-out><![CDATA[
Before Each
09:47:18.550 [main] INFO  com.endava.extensions.TestReporterExtension - Starting test CalculatorIT/[2] 2, 4, 5
11
09:47:18.551 [main] INFO  com.endava.extensions.TestReporterExtension - Finishing test CalculatorIT/[2] 2, 4, 5
After Each

]]></system-out>
  </testcase>
  <testcase name="shouldAddMoreThan2Operands(Integer, Integer, Integer)[3]" classname="com.endava.calculator.CalculatorIT" time="0.002">
    <system-out><![CDATA[
Before Each
09:47:18.563 [main] INFO  com.endava.extensions.TestReporterExtension - Starting test CalculatorIT/[3] 1, 2, 3
6
09:47:18.563 [main] INFO  com.endava.extensions.TestReporterExtension - Finishing test CalculatorIT/[3] 1, 2, 3
After Each

]]></system-out>
  </testcase>
  <testcase name="shouldAddMoreThan2Operands(Integer, Integer, Integer)[4]" classname="com.endava.calculator.CalculatorIT" time="0.002">
    <system-out><![CDATA[
Before Each
09:47:18.567 [main] INFO  com.endava.extensions.TestReporterExtension - Starting test CalculatorIT/[4] 2, 4, 5
11
09:47:18.568 [main] INFO  com.endava.extensions.TestReporterExtension - Finishing test CalculatorIT/[4] 2, 4, 5
After Each

]]></system-out>
  </testcase>
  <testcase name="shouldAddMoreThan2Operands(Integer, Integer, Integer)[5]" classname="com.endava.calculator.CalculatorIT" time="0.002">
    <system-out><![CDATA[
Before Each
09:47:18.570 [main] INFO  com.endava.extensions.TestReporterExtension - Starting test CalculatorIT/[5] 6, 7, 8
21
09:47:18.571 [main] INFO  com.endava.extensions.TestReporterExtension - Finishing test CalculatorIT/[5] 6, 7, 8
After Each

]]></system-out>
  </testcase>
  <testcase name="shouldAddNumbersGivenOperand0(int, int)[1]" classname="com.endava.calculator.CalculatorIT" time="0.003">
    <system-out><![CDATA[
Before Each
09:47:18.579 [main] INFO  com.endava.extensions.TestReporterExtension - Starting test CalculatorIT/[1] 0, 2
2
09:47:18.579 [main] INFO  com.endava.extensions.TestReporterExtension - Finishing test CalculatorIT/[1] 0, 2
After Each

]]></system-out>
  </testcase>
  <testcase name="shouldAddNumbersGivenOperand0(int, int)[2]" classname="com.endava.calculator.CalculatorIT" time="0.001">
    <system-out><![CDATA[
Before Each
09:47:18.582 [main] INFO  com.endava.extensions.TestReporterExtension - Starting test CalculatorIT/[2] 2, 0
2
09:47:18.583 [main] INFO  com.endava.extensions.TestReporterExtension - Finishing test CalculatorIT/[2] 2, 0
After Each

]]></system-out>
  </testcase>
  <testcase name="shouldMultiplyOneOperand" classname="com.endava.calculator.CalculatorIT" time="0.001">
    <system-out><![CDATA[
Before Each
09:47:18.584 [main] INFO  com.endava.extensions.TestReporterExtension - Starting test CalculatorIT/shouldMultiplyOneOperand()
167
09:47:18.584 [main] INFO  com.endava.extensions.TestReporterExtension - Finishing test CalculatorIT/shouldMultiplyOneOperand()
After Each

]]></system-out>
  </testcase>
  <testcase name="shouldPowNumbersGivenOperand0(int, int)[1]" classname="com.endava.calculator.CalculatorIT" time="0.002">
    <system-out><![CDATA[
Before Each
09:47:18.588 [main] INFO  com.endava.extensions.TestReporterExtension - Starting test CalculatorIT/[1] 0, 2
0.0
09:47:18.589 [main] INFO  com.endava.extensions.TestReporterExtension - Finishing test CalculatorIT/[1] 0, 2
After Each

]]></system-out>
  </testcase>
  <testcase name="shouldPowNumbersGivenOperand0(int, int)[2]" classname="com.endava.calculator.CalculatorIT" time="0.001">
    <system-out><![CDATA[
Before Each
09:47:18.591 [main] INFO  com.endava.extensions.TestReporterExtension - Starting test CalculatorIT/[2] 2, 0
1.0
09:47:18.592 [main] INFO  com.endava.extensions.TestReporterExtension - Finishing test CalculatorIT/[2] 2, 0
After Each

]]></system-out>
  </testcase>
  <testcase name="shouldPowNumbersGivenOperand1(int, int)[1]" classname="com.endava.calculator.CalculatorIT" time="0.001">
    <system-out><![CDATA[
Before Each
09:47:18.595 [main] INFO  com.endava.extensions.TestReporterExtension - Starting test CalculatorIT/[1] 1, 2
1.0
09:47:18.595 [main] INFO  com.endava.extensions.TestReporterExtension - Finishing test CalculatorIT/[1] 1, 2
After Each

]]></system-out>
  </testcase>
  <testcase name="shouldPowNumbersGivenOperand1(int, int)[2]" classname="com.endava.calculator.CalculatorIT" time="0.001">
    <system-out><![CDATA[
Before Each
09:47:18.597 [main] INFO  com.endava.extensions.TestReporterExtension - Starting test CalculatorIT/[2] 2, 1
2.0
09:47:18.597 [main] INFO  com.endava.extensions.TestReporterExtension - Finishing test CalculatorIT/[2] 2, 1
After Each

]]></system-out>
  </testcase>
  <testcase name="shouldAddNegativeNumbers" classname="com.endava.calculator.CalculatorIT" time="0.001">
    <system-out><![CDATA[
Before Each
09:47:18.598 [main] INFO  com.endava.extensions.TestReporterExtension - Starting test CalculatorIT/shouldAddNegativeNumbers()
-6
09:47:18.598 [main] INFO  com.endava.extensions.TestReporterExtension - Finishing test CalculatorIT/shouldAddNegativeNumbers()
After Each

]]></system-out>
  </testcase>
  <testcase name="shouldAddOneOperand" classname="com.endava.calculator.CalculatorIT" time="0.001">
    <system-out><![CDATA[
Before Each
09:47:18.599 [main] INFO  com.endava.extensions.TestReporterExtension - Starting test CalculatorIT/shouldAddOneOperand()
167
09:47:18.599 [main] INFO  com.endava.extensions.TestReporterExtension - Finishing test CalculatorIT/shouldAddOneOperand()
After Each

]]></system-out>
  </testcase>
  <testcase name="shouldFactNumbersGivenOperand0" classname="com.endava.calculator.CalculatorIT" time="0.001">
    <system-out><![CDATA[
Before Each
09:47:18.601 [main] INFO  com.endava.extensions.TestReporterExtension - Starting test CalculatorIT/shouldFactNumbersGivenOperand0()
1
09:47:18.601 [main] INFO  com.endava.extensions.TestReporterExtension - Finishing test CalculatorIT/shouldFactNumbersGivenOperand0()
After Each

]]></system-out>
  </testcase>
  <testcase name="shouldFactNumbersGivenOperand1" classname="com.endava.calculator.CalculatorIT" time="0.001">
    <system-out><![CDATA[
Before Each
09:47:18.602 [main] INFO  com.endava.extensions.TestReporterExtension - Starting test CalculatorIT/shouldFactNumbersGivenOperand1()
1
09:47:18.602 [main] INFO  com.endava.extensions.TestReporterExtension - Finishing test CalculatorIT/shouldFactNumbersGivenOperand1()
After Each

]]></system-out>
  </testcase>
  <testcase name="shouldMultiplyBigNumbers" classname="com.endava.calculator.CalculatorIT" time="0.001">
    <system-out><![CDATA[
Before Each
09:47:18.603 [main] INFO  com.endava.extensions.TestReporterExtension - Starting test CalculatorIT/shouldMultiplyBigNumbers()
2147483647
09:47:18.604 [main] INFO  com.endava.extensions.TestReporterExtension - Finishing test CalculatorIT/shouldMultiplyBigNumbers()
After Each

]]></system-out>
  </testcase>
</testsuite>